Using pre-set license
Built from '2022.3/staging' branch; Version is '2022.3.38f1 (c5d5a7410213) revision 12965287'; Using compiler version '192829333'; Build Type 'Release'
OS: 'Windows 10  (10.0.19045) 64bit Professional' Language: 'en' Physical Memory: 8103 MB
BatchMode: 1, IsHumanControllingUs: 0, StartBugReporterOnCrash: 0, Is64bit: 1, IsPro: 1

COMMAND LINE ARGUMENTS:
D:\UnityHub\2022.3.38f1\Editor\Unity.exe
-adb2
-batchMode
-noUpm
-name
AssetImportWorker0
-projectPath
D:/School/CS427 - 3D Games/Seminar/LeapMotion
-logFile
Logs/AssetImportWorker0.log
-srvPort
64083
Successfully changed project path to: D:/School/CS427 - 3D Games/Seminar/LeapMotion
D:/School/CS427 - 3D Games/Seminar/LeapMotion
[UnityMemory] Configuration Parameters - Can be set up in boot.config
    "memorysetup-bucket-allocator-granularity=16"
    "memorysetup-bucket-allocator-bucket-count=8"
    "memorysetup-bucket-allocator-block-size=33554432"
    "memorysetup-bucket-allocator-block-count=8"
    "memorysetup-main-allocator-block-size=16777216"
    "memorysetup-thread-allocator-block-size=16777216"
    "memorysetup-gfx-main-allocator-block-size=16777216"
    "memorysetup-gfx-thread-allocator-block-size=16777216"
    "memorysetup-cache-allocator-block-size=4194304"
    "memorysetup-typetree-allocator-block-size=2097152"
    "memorysetup-profiler-bucket-allocator-granularity=16"
    "memorysetup-profiler-bucket-allocator-bucket-count=8"
    "memorysetup-profiler-bucket-allocator-block-size=33554432"
    "memorysetup-profiler-bucket-allocator-block-count=8"
    "memorysetup-profiler-allocator-block-size=16777216"
    "memorysetup-profiler-editor-allocator-block-size=1048576"
    "memorysetup-temp-allocator-size-main=16777216"
    "memorysetup-job-temp-allocator-block-size=2097152"
    "memorysetup-job-temp-allocator-block-size-background=1048576"
    "memorysetup-job-temp-allocator-reduction-small-platforms=262144"
    "memorysetup-allocator-temp-initial-block-size-main=262144"
    "memorysetup-allocator-temp-initial-block-size-worker=262144"
    "memorysetup-temp-allocator-size-background-worker=32768"
    "memorysetup-temp-allocator-size-job-worker=262144"
    "memorysetup-temp-allocator-size-preload-manager=33554432"
    "memorysetup-temp-allocator-size-nav-mesh-worker=65536"
    "memorysetup-temp-allocator-size-audio-worker=65536"
    "memorysetup-temp-allocator-size-cloud-worker=32768"
    "memorysetup-temp-allocator-size-gi-baking-worker=262144"
    "memorysetup-temp-allocator-size-gfx=262144"
Player connection [6912]  Target information:

Player connection [6912]  * "[IP] 192.168.56.1 [Port] 0 [Flags] 2 [Guid] 1011800395 [EditorId] 1011800395 [Version] 1048832 [Id] WindowsEditor(7,DESKTOP-1EB36UJ) [Debug] 1 [PackageName] WindowsEditor [ProjectName] Editor" 

Player connection [6912]  * "[IP] 10.0.10.168 [Port] 0 [Flags] 2 [Guid] 1011800395 [EditorId] 1011800395 [Version] 1048832 [Id] WindowsEditor(7,DESKTOP-1EB36UJ) [Debug] 1 [PackageName] WindowsEditor [ProjectName] Editor" 

Player connection [6912] Host joined multi-casting on [225.0.0.222:54997]...
Player connection [6912] Host joined alternative multi-casting on [225.0.0.222:34997]...
[PhysX] Initialized MultithreadedTaskDispatcher with 4 workers.
Refreshing native plugins compatible for Editor in 105.17 ms, found 5 plugins.
Preloading 0 native plugins for Editor in 0.00 ms.
Initialize engine version: 2022.3.38f1 (c5d5a7410213)
[Subsystems] Discovering subsystems at path D:/UnityHub/2022.3.38f1/Editor/Data/Resources/UnitySubsystems
[Subsystems] Discovering subsystems at path D:/School/CS427 - 3D Games/Seminar/LeapMotion/Assets
GfxDevice: creating device client; threaded=0; jobified=0
Direct3D:
    Version:  Direct3D 11.0 [level 11.1]
    Renderer: Intel(R) HD Graphics 5500 (ID=0x1616)
    Vendor:   Intel
    VRAM:     4051 MB
    Driver:   20.19.15.5126
Initialize mono
Mono path[0] = 'D:/UnityHub/2022.3.38f1/Editor/Data/Managed'
Mono path[1] = 'D:/UnityHub/2022.3.38f1/Editor/Data/MonoBleedingEdge/lib/mono/unityjit-win32'
Mono config path = 'D:/UnityHub/2022.3.38f1/Editor/Data/MonoBleedingEdge/etc'
Using monoOptions --debugger-agent=transport=dt_socket,embedding=1,server=y,suspend=n,address=127.0.0.1:56176
Begin MonoManager ReloadAssembly
Registering precompiled unity dll's ...
Register platform support module: D:/UnityHub/2022.3.38f1/Editor/Data/PlaybackEngines/WindowsStandaloneSupport/UnityEditor.WindowsStandalone.Extensions.dll
Registered in 0.016566 seconds.
- Loaded All Assemblies, in  1.712 seconds
Native extension for WindowsStandalone target not found
Mono: successfully reloaded assembly
- Finished resetting the current domain, in  1.638 seconds
Domain Reload Profiling: 3388ms
	BeginReloadAssembly (388ms)
		ExecutionOrderSort (0ms)
		DisableScriptedObjects (0ms)
		BackupInstance (0ms)
		ReleaseScriptingObjects (0ms)
		CreateAndSetChildDomain (1ms)
	RebuildCommonClasses (197ms)
	RebuildNativeTypeToScriptingClass (51ms)
	initialDomainReloadingComplete (280ms)
	LoadAllAssembliesAndSetupDomain (794ms)
		LoadAssemblies (389ms)
		RebuildTransferFunctionScriptingTraits (0ms)
		AnalyzeDomain (789ms)
			TypeCache.Refresh (782ms)
				TypeCache.ScanAssembly (721ms)
			ScanForSourceGeneratedMonoScriptInfo (1ms)
			ResolveRequiredComponents (1ms)
	FinalizeReload (1677ms)
		ReleaseScriptCaches (0ms)
		RebuildScriptCaches (0ms)
		SetupLoadedEditorAssemblies (1313ms)
			LogAssemblyErrors (0ms)
			InitializePlatformSupportModulesInManaged (46ms)
			SetLoadedEditorAssemblies (53ms)
			RefreshPlugins (0ms)
			BeforeProcessingInitializeOnLoad (28ms)
			ProcessInitializeOnLoadAttributes (919ms)
			ProcessInitializeOnLoadMethodAttributes (266ms)
			AfterProcessingInitializeOnLoad (0ms)
			EditorAssembliesLoaded (1ms)
		ExecutionOrderSort2 (0ms)
		AwakeInstancesAfterBackupRestoration (0ms)
========================================================================
Worker process is ready to serve import requests
Begin MonoManager ReloadAssembly
- Loaded All Assemblies, in  4.086 seconds
Refreshing native plugins compatible for Editor in 43.79 ms, found 5 plugins.
Native extension for WindowsStandalone target not found
Package Manager log level set to [2]
[Package Manager] Server::EnsureServerProcessIsRunning -- launch failed, reason: Unity was launched with the -noUpm command-line argument
[Package Manager] UpmClient::Send -- Unable to send message (not connected to UPM process).
[Package Manager] Cannot connect to Unity Package Manager local server
Mono: successfully reloaded assembly
- Finished resetting the current domain, in  3.182 seconds
Domain Reload Profiling: 7269ms
	BeginReloadAssembly (698ms)
		ExecutionOrderSort (0ms)
		DisableScriptedObjects (20ms)
		BackupInstance (0ms)
		ReleaseScriptingObjects (0ms)
		CreateAndSetChildDomain (77ms)
	RebuildCommonClasses (125ms)
	RebuildNativeTypeToScriptingClass (58ms)
	initialDomainReloadingComplete (172ms)
	LoadAllAssembliesAndSetupDomain (3033ms)
		LoadAssemblies (2277ms)
		RebuildTransferFunctionScriptingTraits (0ms)
		AnalyzeDomain (1186ms)
			TypeCache.Refresh (1050ms)
				TypeCache.ScanAssembly (973ms)
			ScanForSourceGeneratedMonoScriptInfo (100ms)
			ResolveRequiredComponents (32ms)
	FinalizeReload (3183ms)
		ReleaseScriptCaches (0ms)
		RebuildScriptCaches (0ms)
		SetupLoadedEditorAssemblies (2326ms)
			LogAssemblyErrors (0ms)
			InitializePlatformSupportModulesInManaged (31ms)
			SetLoadedEditorAssemblies (16ms)
			RefreshPlugins (0ms)
			BeforeProcessingInitializeOnLoad (258ms)
			ProcessInitializeOnLoadAttributes (1923ms)
			ProcessInitializeOnLoadMethodAttributes (85ms)
			AfterProcessingInitializeOnLoad (12ms)
			EditorAssembliesLoaded (1ms)
		ExecutionOrderSort2 (0ms)
		AwakeInstancesAfterBackupRestoration (22ms)
Launched and connected shader compiler UnityShaderCompiler.exe after 0.24 seconds
Refreshing native plugins compatible for Editor in 39.04 ms, found 5 plugins.
Preloading 0 native plugins for Editor in 0.00 ms.
Unloading 3304 Unused Serialized files (Serialized files now loaded: 0)
Unloading 39 unused Assets / (61.5 KB). Loaded Objects now: 3760.
Memory consumption went from 125.0 MB to 125.0 MB.
Total: 13.396300 ms (FindLiveObjects: 2.722500 ms CreateObjectMapping: 2.548400 ms MarkObjects: 7.888800 ms  DeleteObjects: 0.234600 ms)

AssetImportParameters requested are different than current active one (requested -> active):
  custom:container-demuxer-ogg: 62fdf1f143b41e24485cea50d1cbac27 -> 
  custom:video-decoder-ogg-theora: a1e56fd34408186e4bbccfd4996cb3dc -> 
  custom:framework-win-MediaFoundation: 216162199b28c13a410421893ffa2e32 -> 
  custom:CustomObjectIndexerAttribute: 9a22284fe3817be447336de3de66b15e -> 
  custom:container-demuxer-webm: 4f35f7cbe854078d1ac9338744f61a02 -> 
  custom:container-muxer-webm: aa71ff27fc2769a1b78a27578f13a17b -> 
  custom:video-decoder-webm-vp8: 9c59270c3fd7afecdb556c50c9e8de78 -> 
  custom:SearchIndexIgnoredProperties: e643bd26f0fe6173181afceb89e7c659 -> 
  custom:AudioImporter_EditorPlatform: d09bf68614088b80899f8185d706f6e7 -> 
  custom:video-encoder-webm-vp8: eb34c28f22e8b96e1ab97ce403110664 -> 
  custom:audio-decoder-ogg-vorbis: bf7c407c2cedff20999df2af8eb42d56 -> 
  custom:audio-encoder-webm-vorbis: bf7c407c2cedff20999df2af8eb42d56 -> 
========================================================================
Received Import Request.
  Time since last request: 1012315.973053 seconds.
  path: Packages/com.ultraleap.tracking/Physical Hands
  artifactKey: Guid(d5325fda6eb2ac34482594327551ac8d) Importer(815301076,1909f56bfc062723c751e8b465ee728b)
Start importing Packages/com.ultraleap.tracking/Physical Hands using Guid(d5325fda6eb2ac34482594327551ac8d) Importer(815301076,1909f56bfc062723c751e8b465ee728b) [PhysX] Initialized MultithreadedTaskDispatcher with 4 workers.
 -> (artifact id: 'b54c9fe8d2dc8644a8007e6ee4833cbf') in 0.040567 seconds
Number of updated asset objects reloaded before import = 0
Number of asset objects unloaded after import = 0
========================================================================
Received Import Request.
  Time since last request: 0.000046 seconds.
  path: Packages/com.ultraleap.tracking/Core/Runtime/Ultraleap.Tracking.Core.asmdef
  artifactKey: Guid(cec9848704c49724192ff47f9b3e9156) Importer(815301076,1909f56bfc062723c751e8b465ee728b)
Start importing Packages/com.ultraleap.tracking/Core/Runtime/Ultraleap.Tracking.Core.asmdef using Guid(cec9848704c49724192ff47f9b3e9156) Importer(815301076,1909f56bfc062723c751e8b465ee728b) [PhysX] Initialized MultithreadedTaskDispatcher with 4 workers.
 -> (artifact id: '612262868b6a3364086a8f7a4e74fcaa') in 0.000847 seconds
Number of updated asset objects reloaded before import = 0
Number of asset objects unloaded after import = 0
========================================================================
Received Import Request.
  Time since last request: 0.000093 seconds.
  path: Packages/com.ultraleap.tracking/Core/Editor
  artifactKey: Guid(ed3a65d165c224c238ecdbbc40c7668a) Importer(815301076,1909f56bfc062723c751e8b465ee728b)
Start importing Packages/com.ultraleap.tracking/Core/Editor using Guid(ed3a65d165c224c238ecdbbc40c7668a) Importer(815301076,1909f56bfc062723c751e8b465ee728b) [PhysX] Initialized MultithreadedTaskDispatcher with 4 workers.
 -> (artifact id: '0bd985db2ab3c528b86b2b6ce3324343') in 0.000752 seconds
Number of updated asset objects reloaded before import = 0
Number of asset objects unloaded after import = 0
========================================================================
Received Import Request.
  Time since last request: 0.000711 seconds.
  path: Packages/com.ultraleap.tracking/package.json
  artifactKey: Guid(ce2e1518d48af044696b0ea5aca137a8) Importer(815301076,1909f56bfc062723c751e8b465ee728b)
Start importing Packages/com.ultraleap.tracking/package.json using Guid(ce2e1518d48af044696b0ea5aca137a8) Importer(815301076,1909f56bfc062723c751e8b465ee728b) [PhysX] Initialized MultithreadedTaskDispatcher with 4 workers.
 -> (artifact id: '24dcd12a382ab35f46221c7b6ef9cfb0') in 0.053667 seconds
Number of updated asset objects reloaded before import = 0
Number of asset objects unloaded after import = 1
========================================================================
Received Import Request.
  Time since last request: 0.000087 seconds.
  path: Packages/com.ultraleap.tracking/Core/Editor/Ultraleap.Tracking.Core.Editor.asmdef
  artifactKey: Guid(db4e617c04f44c144bc19216a63dd19b) Importer(815301076,1909f56bfc062723c751e8b465ee728b)
Start importing Packages/com.ultraleap.tracking/Core/Editor/Ultraleap.Tracking.Core.Editor.asmdef using Guid(db4e617c04f44c144bc19216a63dd19b) Importer(815301076,1909f56bfc062723c751e8b465ee728b) [PhysX] Initialized MultithreadedTaskDispatcher with 4 workers.
 -> (artifact id: 'cfad8682dee1d4141c39a6239f602926') in 0.001863 seconds
Number of updated asset objects reloaded before import = 0
Number of asset objects unloaded after import = 0
========================================================================
Received Import Request.
  Time since last request: 0.000227 seconds.
  path: Packages/com.ultraleap.tracking/Core/Runtime
  artifactKey: Guid(3d22e664c5b144048ab6b2b2419f2b00) Importer(815301076,1909f56bfc062723c751e8b465ee728b)
Start importing Packages/com.ultraleap.tracking/Core/Runtime using Guid(3d22e664c5b144048ab6b2b2419f2b00) Importer(815301076,1909f56bfc062723c751e8b465ee728b) [PhysX] Initialized MultithreadedTaskDispatcher with 4 workers.
 -> (artifact id: '3cdefdd6d0a35d851c202d9aad8cd123') in 0.000955 seconds
Number of updated asset objects reloaded before import = 0
Number of asset objects unloaded after import = 0
========================================================================
Received Import Request.
  Time since last request: 0.000238 seconds.
  path: Packages/com.ultraleap.tracking/Core/Runtime/Package.asset
  artifactKey: Guid(828092ac76618d349a96555173177a8f) Importer(815301076,1909f56bfc062723c751e8b465ee728b)
Start importing Packages/com.ultraleap.tracking/Core/Runtime/Package.asset using Guid(828092ac76618d349a96555173177a8f) Importer(815301076,1909f56bfc062723c751e8b465ee728b) [PhysX] Initialized MultithreadedTaskDispatcher with 4 workers.
 -> (artifact id: '124c5fd97517c9cb590a450b4671c644') in 0.005609 seconds
Number of updated asset objects reloaded before import = 0
Number of asset objects unloaded after import = 1
========================================================================
Received Import Request.
  Time since last request: 0.000033 seconds.
  path: Packages/com.ultraleap.tracking/Core
  artifactKey: Guid(65c212c4946dc3e468617b1a0ca747ef) Importer(815301076,1909f56bfc062723c751e8b465ee728b)
Start importing Packages/com.ultraleap.tracking/Core using Guid(65c212c4946dc3e468617b1a0ca747ef) Importer(815301076,1909f56bfc062723c751e8b465ee728b) [PhysX] Initialized MultithreadedTaskDispatcher with 4 workers.
 -> (artifact id: 'f90e8c898d60f283c2a7aee4a43d2aab') in 0.001357 seconds
Number of updated asset objects reloaded before import = 0
Number of asset objects unloaded after import = 0
========================================================================
Received Import Request.
  Time since last request: 1.122711 seconds.
  path: Packages/com.ultraleap.tracking/OpenXR
  artifactKey: Guid(688b47f6f2a945198e459cbc30f1f692) Importer(815301076,1909f56bfc062723c751e8b465ee728b)
Start importing Packages/com.ultraleap.tracking/OpenXR using Guid(688b47f6f2a945198e459cbc30f1f692) Importer(815301076,1909f56bfc062723c751e8b465ee728b) [PhysX] Initialized MultithreadedTaskDispatcher with 4 workers.
 -> (artifact id: '14a9ebe2cf7a2c1f783d2e1aa71a6b25') in 0.001873 seconds
Number of updated asset objects reloaded before import = 0
Number of asset objects unloaded after import = 0
========================================================================
Received Import Request.
  Time since last request: 0.455804 seconds.
  path: Packages/com.ultraleap.tracking/Hands
  artifactKey: Guid(211e20156b6516042b3e3fe35c3f02ab) Importer(815301076,1909f56bfc062723c751e8b465ee728b)
Start importing Packages/com.ultraleap.tracking/Hands using Guid(211e20156b6516042b3e3fe35c3f02ab) Importer(815301076,1909f56bfc062723c751e8b465ee728b) [PhysX] Initialized MultithreadedTaskDispatcher with 4 workers.
 -> (artifact id: '3c29683e49b2b6842c71d9c2fb27e45c') in 0.003722 seconds
Number of updated asset objects reloaded before import = 0
Number of asset objects unloaded after import = 0
========================================================================
Received Import Request.
  Time since last request: 10.569906 seconds.
  path: Packages/com.ultraleap.tracking
  artifactKey: Guid(73207a6c01c790c2ed87922a646300f6) Importer(815301076,1909f56bfc062723c751e8b465ee728b)
Start importing Packages/com.ultraleap.tracking using Guid(73207a6c01c790c2ed87922a646300f6) Importer(815301076,1909f56bfc062723c751e8b465ee728b) [PhysX] Initialized MultithreadedTaskDispatcher with 4 workers.
 -> (artifact id: 'd1713ace30811f90733f306ea58a1b48') in 0.000746 seconds
Number of updated asset objects reloaded before import = 0
Number of asset objects unloaded after import = 0
========================================================================
Received Import Request.
  Time since last request: 22.281215 seconds.
  path: Packages/com.ultraleap.tracking/Core/Editor/Scripts
  artifactKey: Guid(ae4f235765d08534b917a8de6a5d0404) Importer(815301076,1909f56bfc062723c751e8b465ee728b)
Start importing Packages/com.ultraleap.tracking/Core/Editor/Scripts using Guid(ae4f235765d08534b917a8de6a5d0404) Importer(815301076,1909f56bfc062723c751e8b465ee728b) [PhysX] Initialized MultithreadedTaskDispatcher with 4 workers.
 -> (artifact id: '75298e829ee4b08013ddda5d5d5769dc') in 0.003149 seconds
Number of updated asset objects reloaded before import = 0
Number of asset objects unloaded after import = 0
========================================================================
Received Import Request.
  Time since last request: 2.984606 seconds.
  path: Packages/com.ultraleap.tracking/Core/Editor/Resources
  artifactKey: Guid(71e6fca301314be40af8d27a094ff606) Importer(815301076,1909f56bfc062723c751e8b465ee728b)
Start importing Packages/com.ultraleap.tracking/Core/Editor/Resources using Guid(71e6fca301314be40af8d27a094ff606) Importer(815301076,1909f56bfc062723c751e8b465ee728b) [PhysX] Initialized MultithreadedTaskDispatcher with 4 workers.
 -> (artifact id: '288f375cbbfe77271d3dcf00baa23e32') in 0.002352 seconds
Number of updated asset objects reloaded before import = 0
Number of asset objects unloaded after import = 0
========================================================================
Received Import Request.
  Time since last request: 0.157003 seconds.
  path: Packages/com.ultraleap.tracking/Core/Editor/Resources/HandTex.png
  artifactKey: Guid(deb56e030d40a2e459ff79f6da5e82cc) Importer(815301076,1909f56bfc062723c751e8b465ee728b)
Start importing Packages/com.ultraleap.tracking/Core/Editor/Resources/HandTex.png using Guid(deb56e030d40a2e459ff79f6da5e82cc) Importer(815301076,1909f56bfc062723c751e8b465ee728b) [PhysX] Initialized MultithreadedTaskDispatcher with 4 workers.
[PhysX] Initialized MultithreadedTaskDispatcher with 4 workers.
 -> (artifact id: 'b63fd4af317cbfc4a9c04b4ed842791d') in 0.212424 seconds
Number of updated asset objects reloaded before import = 0
Number of asset objects unloaded after import = 2
========================================================================
Received Import Request.
  Time since last request: 0.000096 seconds.
  path: Packages/com.ultraleap.tracking/Core/Editor/Resources/LeapServiceProvider_ScriptIcon.png
  artifactKey: Guid(3efe3743f9d5f994bb67dfb187b3e839) Importer(815301076,1909f56bfc062723c751e8b465ee728b)
Start importing Packages/com.ultraleap.tracking/Core/Editor/Resources/LeapServiceProvider_ScriptIcon.png using Guid(3efe3743f9d5f994bb67dfb187b3e839) Importer(815301076,1909f56bfc062723c751e8b465ee728b) [PhysX] Initialized MultithreadedTaskDispatcher with 4 workers.
[PhysX] Initialized MultithreadedTaskDispatcher with 4 workers.
 -> (artifact id: '770810cea2e726129e88c1b2922b8b26') in 0.064873 seconds
Number of updated asset objects reloaded before import = 0
Number of asset objects unloaded after import = 2
========================================================================
Received Import Request.
  Time since last request: 0.000094 seconds.
  path: Packages/com.ultraleap.tracking/Core/Editor/Resources/LeapXRServiceProvider_ScriptIcon.png
  artifactKey: Guid(bdb0bb72cecba04489875e9d582d1d3d) Importer(815301076,1909f56bfc062723c751e8b465ee728b)
Start importing Packages/com.ultraleap.tracking/Core/Editor/Resources/LeapXRServiceProvider_ScriptIcon.png using Guid(bdb0bb72cecba04489875e9d582d1d3d) Importer(815301076,1909f56bfc062723c751e8b465ee728b) [PhysX] Initialized MultithreadedTaskDispatcher with 4 workers.
[PhysX] Initialized MultithreadedTaskDispatcher with 4 workers.
 -> (artifact id: '87875d89c58c1a63694d3fef217da15d') in 0.052192 seconds
Number of updated asset objects reloaded before import = 0
Number of asset objects unloaded after import = 2
========================================================================
Received Import Request.
  Time since last request: 0.000046 seconds.
  path: Packages/com.ultraleap.tracking/Core/Editor/Resources/Ultraleap_Logo.png
  artifactKey: Guid(b25f9754f64fa7a49a936c57d447bc08) Importer(815301076,1909f56bfc062723c751e8b465ee728b)
Start importing Packages/com.ultraleap.tracking/Core/Editor/Resources/Ultraleap_Logo.png using Guid(b25f9754f64fa7a49a936c57d447bc08) Importer(815301076,1909f56bfc062723c751e8b465ee728b) [PhysX] Initialized MultithreadedTaskDispatcher with 4 workers.
[PhysX] Initialized MultithreadedTaskDispatcher with 4 workers.
 -> (artifact id: '43ca6d6291aa36c6406b32db7cf24046') in 0.197805 seconds
Number of updated asset objects reloaded before import = 0
Number of asset objects unloaded after import = 2
========================================================================
Received Import Request.
  Time since last request: 105.816110 seconds.
  path: Assets/Samples/Ultraleap Tracking/7.0.0/Shared Example Assets REQUIRED
  artifactKey: Guid(5c10ce449567f26468c2c764c13a2ebb) Importer(815301076,1909f56bfc062723c751e8b465ee728b)
Start importing Assets/Samples/Ultraleap Tracking/7.0.0/Shared Example Assets REQUIRED using Guid(5c10ce449567f26468c2c764c13a2ebb) Importer(815301076,1909f56bfc062723c751e8b465ee728b) [PhysX] Initialized MultithreadedTaskDispatcher with 4 workers.
 -> (artifact id: 'dcff77b61125835798827e783f922fd1') in 0.009058 seconds
Number of updated asset objects reloaded before import = 0
Number of asset objects unloaded after import = 0
========================================================================
Received Import Request.
  Time since last request: 13.118037 seconds.
  path: Assets/Samples/Ultraleap Tracking/7.0.0/Tabletop Examples/1. Capsule Hands (Desktop).unity
  artifactKey: Guid(ceeef5f347b10844f900c423c790fd7d) Importer(815301076,1909f56bfc062723c751e8b465ee728b)
Start importing Assets/Samples/Ultraleap Tracking/7.0.0/Tabletop Examples/1. Capsule Hands (Desktop).unity using Guid(ceeef5f347b10844f900c423c790fd7d) Importer(815301076,1909f56bfc062723c751e8b465ee728b) [PhysX] Initialized MultithreadedTaskDispatcher with 4 workers.
 -> (artifact id: 'cdb9b16dcc91fe5996bb4332d6bcdd64') in 0.001037 seconds
Number of updated asset objects reloaded before import = 0
Number of asset objects unloaded after import = 0
========================================================================
Received Import Request.
  Time since last request: 9.840757 seconds.
  path: Assets/Samples/Ultraleap Tracking/7.0.0/Tabletop Examples/Example Assets
  artifactKey: Guid(114baed310039a34e8d9e82336490de0) Importer(815301076,1909f56bfc062723c751e8b465ee728b)
Start importing Assets/Samples/Ultraleap Tracking/7.0.0/Tabletop Examples/Example Assets using Guid(114baed310039a34e8d9e82336490de0) Importer(815301076,1909f56bfc062723c751e8b465ee728b) [PhysX] Initialized MultithreadedTaskDispatcher with 4 workers.
 -> (artifact id: '99f8bad1284d15e38e44081abfa8470c') in 0.001165 seconds
Number of updated asset objects reloaded before import = 0
Number of asset objects unloaded after import = 0
========================================================================
Received Import Request.
  Time since last request: 0.998678 seconds.
  path: Assets/Samples/Ultraleap Tracking/7.0.0/Tabletop Examples/Example Assets/Scripts
  artifactKey: Guid(829c1c805ce3c6e44ae6f2ada95481fe) Importer(815301076,1909f56bfc062723c751e8b465ee728b)
Start importing Assets/Samples/Ultraleap Tracking/7.0.0/Tabletop Examples/Example Assets/Scripts using Guid(829c1c805ce3c6e44ae6f2ada95481fe) Importer(815301076,1909f56bfc062723c751e8b465ee728b) [PhysX] Initialized MultithreadedTaskDispatcher with 4 workers.
 -> (artifact id: '14d860fe3b89833b6fe187d34c55f9b4') in 0.001010 seconds
Number of updated asset objects reloaded before import = 0
Number of asset objects unloaded after import = 0
========================================================================
Received Import Request.
  Time since last request: 3.814391 seconds.
  path: Assets/Samples/Ultraleap Tracking/7.0.0/Tabletop Examples/2. Capsule Hands (Screentop).unity
  artifactKey: Guid(ae732dbd2347132499e14bd884a9aa3b) Importer(815301076,1909f56bfc062723c751e8b465ee728b)
Start importing Assets/Samples/Ultraleap Tracking/7.0.0/Tabletop Examples/2. Capsule Hands (Screentop).unity using Guid(ae732dbd2347132499e14bd884a9aa3b) Importer(815301076,1909f56bfc062723c751e8b465ee728b) [PhysX] Initialized MultithreadedTaskDispatcher with 4 workers.
 -> (artifact id: 'ba50f005cdeed13e953e3a9625e37092') in 0.001076 seconds
Number of updated asset objects reloaded before import = 0
Number of asset objects unloaded after import = 0
========================================================================
Received Import Request.
  Time since last request: 1.459438 seconds.
  path: Assets/Samples/Ultraleap Tracking/7.0.0/Tabletop Examples/3. Rigged Hands (Desktop).unity
  artifactKey: Guid(ead817034bbd1f04daea2e836f3a7ed6) Importer(815301076,1909f56bfc062723c751e8b465ee728b)
Start importing Assets/Samples/Ultraleap Tracking/7.0.0/Tabletop Examples/3. Rigged Hands (Desktop).unity using Guid(ead817034bbd1f04daea2e836f3a7ed6) Importer(815301076,1909f56bfc062723c751e8b465ee728b) [PhysX] Initialized MultithreadedTaskDispatcher with 4 workers.
 -> (artifact id: '69e0109493d864698c9b2652f94c65d7') in 0.002554 seconds
Number of updated asset objects reloaded before import = 0
Number of asset objects unloaded after import = 0
========================================================================
Received Prepare
Begin MonoManager ReloadAssembly
- Loaded All Assemblies, in  2.561 seconds
Refreshing native plugins compatible for Editor in 14.51 ms, found 5 plugins.
Native extension for WindowsStandalone target not found
[Package Manager] Server::EnsureServerProcessIsRunning -- launch failed, reason: Unity was launched with the -noUpm command-line argument
[Package Manager] UpmClient::Send -- Unable to send message (not connected to UPM process).
[Package Manager] Cannot connect to Unity Package Manager local server
Mono: successfully reloaded assembly
- Finished resetting the current domain, in 51.490 seconds
Domain Reload Profiling: 54066ms
	BeginReloadAssembly (1016ms)
		ExecutionOrderSort (0ms)
		DisableScriptedObjects (74ms)
		BackupInstance (0ms)
		ReleaseScriptingObjects (0ms)
		CreateAndSetChildDomain (215ms)
	RebuildCommonClasses (123ms)
	RebuildNativeTypeToScriptingClass (55ms)
	initialDomainReloadingComplete (519ms)
	LoadAllAssembliesAndSetupDomain (847ms)
		LoadAssemblies (1222ms)
		RebuildTransferFunctionScriptingTraits (0ms)
		AnalyzeDomain (47ms)
			TypeCache.Refresh (17ms)
				TypeCache.ScanAssembly (0ms)
			ScanForSourceGeneratedMonoScriptInfo (0ms)
			ResolveRequiredComponents (25ms)
	FinalizeReload (51507ms)
		ReleaseScriptCaches (0ms)
		RebuildScriptCaches (0ms)
		SetupLoadedEditorAssemblies (33046ms)
			LogAssemblyErrors (0ms)
			InitializePlatformSupportModulesInManaged (62ms)
			SetLoadedEditorAssemblies (26ms)
			RefreshPlugins (0ms)
			BeforeProcessingInitializeOnLoad (1065ms)
			ProcessInitializeOnLoadAttributes (29821ms)
			ProcessInitializeOnLoadMethodAttributes (1950ms)
			AfterProcessingInitializeOnLoad (123ms)
			EditorAssembliesLoaded (0ms)
		ExecutionOrderSort2 (0ms)
		AwakeInstancesAfterBackupRestoration (131ms)
Refreshing native plugins compatible for Editor in 23.82 ms, found 5 plugins.
Preloading 0 native plugins for Editor in 0.00 ms.
Unloading 3291 Unused Serialized files (Serialized files now loaded: 0)
Unloading 30 unused Assets / (34.7 KB). Loaded Objects now: 3768.
Memory consumption went from 122.6 MB to 122.6 MB.
Total: 98.847000 ms (FindLiveObjects: 0.632400 ms CreateObjectMapping: 0.578300 ms MarkObjects: 97.454000 ms  DeleteObjects: 0.179500 ms)

Prepare: number of updated asset objects reloaded= 0
AssetImportParameters requested are different than current active one (requested -> active):
  custom:container-demuxer-ogg: 62fdf1f143b41e24485cea50d1cbac27 -> 
  custom:video-decoder-ogg-theora: a1e56fd34408186e4bbccfd4996cb3dc -> 
  custom:framework-win-MediaFoundation: 216162199b28c13a410421893ffa2e32 -> 
  custom:CustomObjectIndexerAttribute: 9a22284fe3817be447336de3de66b15e -> 
  custom:container-demuxer-webm: 4f35f7cbe854078d1ac9338744f61a02 -> 
  custom:container-muxer-webm: aa71ff27fc2769a1b78a27578f13a17b -> 
  custom:video-decoder-webm-vp8: 9c59270c3fd7afecdb556c50c9e8de78 -> 
  custom:SearchIndexIgnoredProperties: e643bd26f0fe6173181afceb89e7c659 -> 
  custom:AudioImporter_EditorPlatform: d09bf68614088b80899f8185d706f6e7 -> 
  custom:video-encoder-webm-vp8: eb34c28f22e8b96e1ab97ce403110664 -> 
  custom:audio-decoder-ogg-vorbis: bf7c407c2cedff20999df2af8eb42d56 -> 
  custom:audio-encoder-webm-vorbis: bf7c407c2cedff20999df2af8eb42d56 -> 
========================================================================
Received Prepare
Begin MonoManager ReloadAssembly
- Loaded All Assemblies, in 10.679 seconds
Refreshing native plugins compatible for Editor in 104.06 ms, found 5 plugins.
Native extension for WindowsStandalone target not found
[Package Manager] Server::EnsureServerProcessIsRunning -- launch failed, reason: Unity was launched with the -noUpm command-line argument
[Package Manager] UpmClient::Send -- Unable to send message (not connected to UPM process).
[Package Manager] Cannot connect to Unity Package Manager local server
Mono: successfully reloaded assembly
- Finished resetting the current domain, in 45.820 seconds
Domain Reload Profiling: 56495ms
	BeginReloadAssembly (3388ms)
		ExecutionOrderSort (0ms)
		DisableScriptedObjects (213ms)
		BackupInstance (0ms)
		ReleaseScriptingObjects (0ms)
		CreateAndSetChildDomain (541ms)
	RebuildCommonClasses (1029ms)
	RebuildNativeTypeToScriptingClass (372ms)
	initialDomainReloadingComplete (759ms)
	LoadAllAssembliesAndSetupDomain (5125ms)
		LoadAssemblies (6639ms)
		RebuildTransferFunctionScriptingTraits (0ms)
		AnalyzeDomain (424ms)
			TypeCache.Refresh (126ms)
				TypeCache.ScanAssembly (0ms)
			ScanForSourceGeneratedMonoScriptInfo (0ms)
			ResolveRequiredComponents (279ms)
	FinalizeReload (45823ms)
		ReleaseScriptCaches (0ms)
		RebuildScriptCaches (0ms)
		SetupLoadedEditorAssemblies (11169ms)
			LogAssemblyErrors (0ms)
			InitializePlatformSupportModulesInManaged (804ms)
			SetLoadedEditorAssemblies (409ms)
			RefreshPlugins (0ms)
			BeforeProcessingInitializeOnLoad (1107ms)
			ProcessInitializeOnLoadAttributes (7869ms)
			ProcessInitializeOnLoadMethodAttributes (462ms)
			AfterProcessingInitializeOnLoad (517ms)
			EditorAssembliesLoaded (1ms)
		ExecutionOrderSort2 (0ms)
		AwakeInstancesAfterBackupRestoration (343ms)
Refreshing native plugins compatible for Editor in 10661.00 ms, found 5 plugins.
Preloading 0 native plugins for Editor in 0.00 ms.
Unloading 3337 Unused Serialized files (Serialized files now loaded: 0)
Unloading 32 unused Assets / (105.2 KB). Loaded Objects now: 3814.
Memory consumption went from 124.3 MB to 124.2 MB.
Total: 5120.304600 ms (FindLiveObjects: 0.663000 ms CreateObjectMapping: 0.434300 ms MarkObjects: 5118.812700 ms  DeleteObjects: 0.391800 ms)

Prepare: number of updated asset objects reloaded= 0
AssetImportParameters requested are different than current active one (requested -> active):
  custom:container-demuxer-ogg: 62fdf1f143b41e24485cea50d1cbac27 -> 
  custom:video-decoder-ogg-theora: a1e56fd34408186e4bbccfd4996cb3dc -> 
  custom:framework-win-MediaFoundation: 216162199b28c13a410421893ffa2e32 -> 
  custom:CustomObjectIndexerAttribute: 9a22284fe3817be447336de3de66b15e -> 
  custom:container-demuxer-webm: 4f35f7cbe854078d1ac9338744f61a02 -> 
  custom:container-muxer-webm: aa71ff27fc2769a1b78a27578f13a17b -> 
  custom:video-decoder-webm-vp8: 9c59270c3fd7afecdb556c50c9e8de78 -> 
  custom:SearchIndexIgnoredProperties: e643bd26f0fe6173181afceb89e7c659 -> 
  custom:AudioImporter_EditorPlatform: d09bf68614088b80899f8185d706f6e7 -> 
  custom:video-encoder-webm-vp8: eb34c28f22e8b96e1ab97ce403110664 -> 
  custom:audio-decoder-ogg-vorbis: bf7c407c2cedff20999df2af8eb42d56 -> 
  custom:audio-encoder-webm-vorbis: bf7c407c2cedff20999df2af8eb42d56 -> 
========================================================================
Received Prepare
Begin MonoManager ReloadAssembly
- Loaded All Assemblies, in  7.885 seconds
Refreshing native plugins compatible for Editor in 53.99 ms, found 5 plugins.
Native extension for WindowsStandalone target not found
[Package Manager] Server::EnsureServerProcessIsRunning -- launch failed, reason: Unity was launched with the -noUpm command-line argument
[Package Manager] UpmClient::Send -- Unable to send message (not connected to UPM process).
[Package Manager] Cannot connect to Unity Package Manager local server
Mono: successfully reloaded assembly
- Finished resetting the current domain, in 117.807 seconds
Domain Reload Profiling: 126003ms
	BeginReloadAssembly (2242ms)
		ExecutionOrderSort (0ms)
		DisableScriptedObjects (89ms)
		BackupInstance (0ms)
		ReleaseScriptingObjects (0ms)
		CreateAndSetChildDomain (610ms)
	RebuildCommonClasses (577ms)
	RebuildNativeTypeToScriptingClass (149ms)
	initialDomainReloadingComplete (394ms)
	LoadAllAssembliesAndSetupDomain (4512ms)
		LoadAssemblies (5276ms)
		RebuildTransferFunctionScriptingTraits (0ms)
		AnalyzeDomain (466ms)
			TypeCache.Refresh (125ms)
				TypeCache.ScanAssembly (43ms)
			ScanForSourceGeneratedMonoScriptInfo (134ms)
			ResolveRequiredComponents (188ms)
	FinalizeReload (118129ms)
		ReleaseScriptCaches (0ms)
		RebuildScriptCaches (0ms)
		SetupLoadedEditorAssemblies (52091ms)
			LogAssemblyErrors (0ms)
			InitializePlatformSupportModulesInManaged (74ms)
			SetLoadedEditorAssemblies (91ms)
			RefreshPlugins (0ms)
			BeforeProcessingInitializeOnLoad (942ms)
			ProcessInitializeOnLoadAttributes (40574ms)
			ProcessInitializeOnLoadMethodAttributes (9495ms)
			AfterProcessingInitializeOnLoad (915ms)
			EditorAssembliesLoaded (0ms)
		ExecutionOrderSort2 (0ms)
		AwakeInstancesAfterBackupRestoration (1796ms)
Script is not up to date after domain reload: guid(d412675cfb3441efa3bf8dcd9b7624dc) path("Assets/TextMesh Pro/Examples & Extras/Scripts/SkewTextExample.cs") state(2)
Script is not up to date after domain reload: guid(9eff140b25d64601aabc6ba32245d099) path("Assets/TextMesh Pro/Examples & Extras/Scripts/SimpleScript.cs") state(2)
Script is not up to date after domain reload: guid(8ef7be1c625941f7ba8ed7cc71718c0d) path("Assets/TextMesh Pro/Examples & Extras/Scripts/Benchmark01_UGUI.cs") state(2)
Script is not up to date after domain reload: guid(103e0a6a1d404693b9fb1a5173e0e979) path("Assets/TextMesh Pro/Examples & Extras/Scripts/TMP_TextSelector_A.cs") state(2)
Script is not up to date after domain reload: guid(f7cfa58e417a46ea8889989684c2522e) path("Assets/TextMesh Pro/Examples & Extras/Scripts/VertexShakeA.cs") state(2)
Script is not up to date after domain reload: guid(dc20866c0d5e413ab7559440e15333ae) path("Assets/TextMesh Pro/Examples & Extras/Scripts/Benchmark04.cs") state(2)
Script is not up to date after domain reload: guid(53d91f98a2664f5cb9af11de72ac54ec) path("Assets/TextMesh Pro/Examples & Extras/Scripts/ChatController.cs") state(2)
Script is not up to date after domain reload: guid(a4d4c76e63944cba8c7d00f56334b98c) path("Assets/TextMesh Pro/Examples & Extras/Scripts/TextMeshProFloatingText.cs") state(2)
Script is not up to date after domain reload: guid(e4e0d9ccee5f4950be8979268c9014e0) path("Assets/TextMesh Pro/Examples & Extras/Scripts/VertexShakeB.cs") state(2)
Script is not up to date after domain reload: guid(a4b6f99e8bc54541bbd149b014ff441c) path("Assets/TextMesh Pro/Examples & Extras/Scripts/EnvMapAnimator.cs") state(2)
Script is not up to date after domain reload: guid(24b0dc2d1d494adbbec1f4db26b4cf83) path("Assets/TextMesh Pro/Examples & Extras/Scripts/TMP_UiFrameRateCounter.cs") state(2)
Script is not up to date after domain reload: guid(2d687537154440a3913a9a3c7977978c) path("Assets/TextMesh Pro/Examples & Extras/Scripts/CameraController.cs") state(2)
Script is not up to date after domain reload: guid(c3c1afeda5e545e0b19add5373896d2e) path("Assets/TextMesh Pro/Examples & Extras/Scripts/TMPro_InstructionOverlay.cs") state(2)
Script is not up to date after domain reload: guid(6f2c5b59b6874405865e2616e4ec276a) path("Assets/TextMesh Pro/Examples & Extras/Scripts/TMP_ExampleScript_01.cs") state(2)
Script is not up to date after domain reload: guid(43bcd35a1c0c40ccb6d472893fe2093f) path("Assets/TextMesh Pro/Examples & Extras/Scripts/TextConsoleSimulator.cs") state(2)
Script is not up to date after domain reload: guid(4f19c7f94c794c5097d8bd11e39c750d) path("Assets/TextMesh Pro/Examples & Extras/Scripts/ObjectSpin.cs") state(2)
Script is not up to date after domain reload: guid(21256c5b62f346f18640dad779911e20) path("Assets/TextMesh Pro/Examples & Extras/Scripts/TMP_TextInfoDebugTool.cs") state(2)
Script is not up to date after domain reload: guid(d736ce056cf444ca96e424f4d9c42b76) path("Assets/TextMesh Pro/Examples & Extras/Scripts/TMP_TextEventCheck.cs") state(2)
Script is not up to date after domain reload: guid(2787a46a4dc848c1b4b7b9307b614bfd) path("Assets/TextMesh Pro/Examples & Extras/Scripts/ShaderPropAnimator.cs") state(2)
Script is not up to date after domain reload: guid(790744c462254b7ba8038e6ed28b3db2) path("Assets/TextMesh Pro/Examples & Extras/Scripts/WarpTextExample.cs") state(2)
Script is not up to date after domain reload: guid(1a7eb92a01ed499a987bde9def05fbce) path("Assets/TextMesh Pro/Examples & Extras/Scripts/TMP_DigitValidator.cs") state(2)
Script is not up to date after domain reload: guid(e8538afcddc14efbb5d9e94b7ae50197) path("Assets/TextMesh Pro/Examples & Extras/Scripts/Benchmark02.cs") state(2)
Script is not up to date after domain reload: guid(76c11bbcfddf44e0ba17d6c2751c8d84) path("Assets/TextMesh Pro/Examples & Extras/Scripts/TextMeshSpawner.cs") state(2)
Script is not up to date after domain reload: guid(a73109742c8d47ac822895a473300c29) path("Assets/TextMesh Pro/Examples & Extras/Scripts/Benchmark03.cs") state(2)
Script is not up to date after domain reload: guid(686ec78b56aa445795335fbadafcfaa4) path("Assets/TextMesh Pro/Examples & Extras/Scripts/TMP_FrameRateCounter.cs") state(2)
Script is not up to date after domain reload: guid(2ed57967c52645d390a89dcf8f61ba73) path("Assets/TextMesh Pro/Examples & Extras/Scripts/VertexJitter.cs") state(2)
Script is not up to date after domain reload: guid(1312ae25639a4bae8e25ae223209cc50) path("Assets/TextMesh Pro/Examples & Extras/Scripts/TMP_TextEventHandler.cs") state(2)
Script is not up to date after domain reload: guid(a05dcd8be7ec4ccbb35c26219884aa37) path("Assets/TextMesh Pro/Examples & Extras/Scripts/TMP_TextSelector_B.cs") state(2)
Script is not up to date after domain reload: guid(ac1eb05af6d391b4eb0f4c070a99f1d0) path("Assets/TextMesh Pro/Examples & Extras/Scripts/DropdownSample.cs") state(2)
Script is not up to date after domain reload: guid(83680ab1a69f4102ac67d1459fe76e1f) path("Assets/TextMesh Pro/Examples & Extras/Scripts/TMP_PhoneNumberValidator.cs") state(2)
Script is not up to date after domain reload: guid(91b8ba3d52e041fab2d0e0f169855539) path("Assets/TextMesh Pro/Examples & Extras/Scripts/VertexColorCycler.cs") state(2)
Script is not up to date after domain reload: guid(e32c266ee6204b21a427753cb0694c81) path("Assets/TextMesh Pro/Examples & Extras/Scripts/TeleType.cs") state(2)
Script is not up to date after domain reload: guid(52ec835d14bd486f900952b77698b7eb) path("Assets/TextMesh Pro/Examples & Extras/Scripts/VertexZoom.cs") state(2)
Script is not up to date after domain reload: guid(f970ea55f9f84bf79b05dab180b8c125) path("Assets/TextMesh Pro/Examples & Extras/Scripts/Benchmark01.cs") state(2)
Refreshing native plugins compatible for Editor in 1740.06 ms, found 5 plugins.
Preloading 0 native plugins for Editor in 0.00 ms.
Unloading 3337 Unused Serialized files (Serialized files now loaded: 0)
Unloading 32 unused Assets / (143.6 KB). Loaded Objects now: 3817.
Memory consumption went from 124.6 MB to 124.4 MB.
Total: 243.893600 ms (FindLiveObjects: 13.576700 ms CreateObjectMapping: 21.439600 ms MarkObjects: 196.611000 ms  DeleteObjects: 12.260700 ms)

Prepare: number of updated asset objects reloaded= 0
AssetImportParameters requested are different than current active one (requested -> active):
  custom:container-demuxer-ogg: 62fdf1f143b41e24485cea50d1cbac27 -> 
  custom:video-decoder-ogg-theora: a1e56fd34408186e4bbccfd4996cb3dc -> 
  custom:framework-win-MediaFoundation: 216162199b28c13a410421893ffa2e32 -> 
  custom:CustomObjectIndexerAttribute: 9a22284fe3817be447336de3de66b15e -> 
  custom:container-demuxer-webm: 4f35f7cbe854078d1ac9338744f61a02 -> 
  custom:container-muxer-webm: aa71ff27fc2769a1b78a27578f13a17b -> 
  custom:video-decoder-webm-vp8: 9c59270c3fd7afecdb556c50c9e8de78 -> 
  custom:SearchIndexIgnoredProperties: e643bd26f0fe6173181afceb89e7c659 -> 
  custom:AudioImporter_EditorPlatform: d09bf68614088b80899f8185d706f6e7 -> 
  custom:video-encoder-webm-vp8: eb34c28f22e8b96e1ab97ce403110664 -> 
  custom:audio-decoder-ogg-vorbis: bf7c407c2cedff20999df2af8eb42d56 -> 
  custom:audio-encoder-webm-vorbis: bf7c407c2cedff20999df2af8eb42d56 -> 
  custom:scripting/precompiled-assembly-types:Assembly-CSharp: 26b128e1cee1474b6bbca0b179135262 -> 960eb5f69075403f942d1670b6262f10
  custom:scripting/monoscript/fileName/SkewTextExample.cs:  -> c142d02d70a129e0533975f7c2f96956
  custom:scripting/monoscript/fileName/TMP_TextEventHandler.cs:  -> f5cd9d5a43bfefc8f4fec80e6de896a4
  custom:scripting/monoscript/fileName/TextMeshProFloatingText.cs:  -> 92608fa4a6315cd0786d82205e77b697
  custom:scripting/monoscript/fileName/VertexZoom.cs:  -> 650ab1e81d40126e3edcf737cce646e4
  custom:scripting/monoscript/fileName/VertexShakeA.cs:  -> 63ec564c588058369499638dd899e05b
  custom:scripting/monoscript/fileName/TMP_ExampleScript_01.cs:  -> a9d4be556104ff54e7d240529b3e01dc
  custom:scripting/monoscript/fileName/TMP_TextEventCheck.cs:  -> 13505d917eab5868c435e0c2986dadfa
  custom:scripting/monoscript/fileName/TMP_TextSelector_B.cs:  -> ba2be21a7486d37b1011342977a2e49d
  custom:scripting/monoscript/fileName/Benchmark01.cs:  -> 2d3e2cd961730ab95f139a49a673bace
  custom:scripting/monoscript/fileName/Benchmark02.cs:  -> 5640963252ce70910e726415f869ced6
  custom:scripting/monoscript/fileName/DropdownSample.cs:  -> 0a92251794e5f10400149f96c3c59e5d
  custom:scripting/monoscript/fileName/WarpTextExample.cs:  -> 2663459c266363641981c7d17b698d7f
  custom:scripting/monoscript/fileName/ChatController.cs:  -> 876d5ccae6e345dd5d9450eb0a748f16
  custom:scripting/monoscript/fileName/TextMeshSpawner.cs:  -> 76f28e2ddb031571e6ec62b018f65fa8
  custom:scripting/monoscript/fileName/TeleType.cs:  -> 31fa97821c4c70f157ec81d507aa6b62
  custom:scripting/monoscript/fileName/Benchmark04.cs:  -> 32220b148620e52aa81c13a114862bf4
  custom:scripting/monoscript/fileName/TMP_PhoneNumberValidator.cs:  -> 7c3049f481e464c6a9a15dee56c3126f
  custom:scripting/monoscript/fileName/EnvMapAnimator.cs:  -> 1b4f61c17e4b7283c3ac351aacff9d26
  custom:scripting/monoscript/fileName/ShaderPropAnimator.cs:  -> 55ce425812446482e623ff2695c94cb2
  custom:scripting/monoscript/fileName/SimpleScript.cs:  -> 454caab0c6c050f29b39d82e1d66d0fa
  custom:scripting/monoscript/fileName/ObjectSpin.cs:  -> 2b96bb2079dd7fa5108d981627a28e1e
  custom:scripting/monoscript/fileName/CameraController.cs:  -> 34b6be4e23ce86dc89786916c5983296
  custom:scripting/monoscript/fileName/TMP_TextInfoDebugTool.cs:  -> 3f1709cfb2cc628169113a35b5e9be3f
  custom:scripting/monoscript/fileName/TMP_TextSelector_A.cs:  -> 347309a09d56e367b188a6978f75b424
  custom:scripting/monoscript/fileName/VertexJitter.cs:  -> d27eb5498e48714a66aece98da065133
  custom:scripting/monoscript/fileName/TextConsoleSimulator.cs:  -> 33fc311abb20b5b0ed8f00e4d86b574e
  custom:scripting/monoscript/fileName/VertexColorCycler.cs:  -> 5f984ca91cf3609293aecc6bc5641572
  custom:scripting/monoscript/fileName/TMP_FrameRateCounter.cs:  -> 46f655df8cb483ac5958307137b1585a
  custom:scripting/monoscript/fileName/VertexShakeB.cs:  -> a6f78c4fcda1a29a1a1c1baefedba9e7
  custom:scripting/monoscript/fileName/TMP_UiFrameRateCounter.cs:  -> b01021aea19247f14a98ab338907956a
  custom:scripting/monoscript/fileName/TMPro_InstructionOverlay.cs:  -> b626d2270e6ebd5c4311585c18b58d8d
  custom:scripting/monoscript/fileName/TMP_DigitValidator.cs:  -> ac02af96215ae3951a3cce9e1a8c6085
  custom:scripting/monoscript/fileName/Benchmark01_UGUI.cs:  -> 6148cfe2627b7708298f301788144139
  custom:scripting/monoscript/fileName/Benchmark03.cs:  -> 17cc87e0529ac71d909a946afb47a274
========================================================================
Received Prepare
Begin MonoManager ReloadAssembly
- Loaded All Assemblies, in 321.796 seconds
Refreshing native plugins compatible for Editor in 19.37 ms, found 5 plugins.
Native extension for WindowsStandalone target not found
[Package Manager] Server::EnsureServerProcessIsRunning -- launch failed, reason: Unity was launched with the -noUpm command-line argument
[Package Manager] UpmClient::Send -- Unable to send message (not connected to UPM process).
[Package Manager] Cannot connect to Unity Package Manager local server
Mono: successfully reloaded assembly
- Finished resetting the current domain, in 640.065 seconds
Domain Reload Profiling: 961860ms
	BeginReloadAssembly (57007ms)
		ExecutionOrderSort (0ms)
		DisableScriptedObjects (251ms)
		BackupInstance (0ms)
		ReleaseScriptingObjects (1ms)
		CreateAndSetChildDomain (4146ms)
	RebuildCommonClasses (24913ms)
	RebuildNativeTypeToScriptingClass (4765ms)
	initialDomainReloadingComplete (16611ms)
	LoadAllAssembliesAndSetupDomain (218498ms)
		LoadAssemblies (252092ms)
		RebuildTransferFunctionScriptingTraits (0ms)
		AnalyzeDomain (17814ms)
			TypeCache.Refresh (10687ms)
				TypeCache.ScanAssembly (0ms)
			ScanForSourceGeneratedMonoScriptInfo (0ms)
			ResolveRequiredComponents (7122ms)
	FinalizeReload (640067ms)
		ReleaseScriptCaches (0ms)
		RebuildScriptCaches (0ms)
		SetupLoadedEditorAssemblies (235336ms)
			LogAssemblyErrors (0ms)
			InitializePlatformSupportModulesInManaged (12062ms)
			SetLoadedEditorAssemblies (12ms)
			RefreshPlugins (0ms)
			BeforeProcessingInitializeOnLoad (65824ms)
			ProcessInitializeOnLoadAttributes (131644ms)
			ProcessInitializeOnLoadMethodAttributes (25783ms)
			AfterProcessingInitializeOnLoad (10ms)
			EditorAssembliesLoaded (0ms)
		ExecutionOrderSort2 (0ms)
		AwakeInstancesAfterBackupRestoration (7111ms)
Refreshing native plugins compatible for Editor in 471.68 ms, found 5 plugins.
Preloading 0 native plugins for Editor in 0.00 ms.
Unloading 3384 Unused Serialized files (Serialized files now loaded: 0)
Unloading 45 unused Assets / (0.8 MB). Loaded Objects now: 3854.
Memory consumption went from 129.0 MB to 128.2 MB.
Total: 219.919200 ms (FindLiveObjects: 70.364200 ms CreateObjectMapping: 2.212000 ms MarkObjects: 135.783900 ms  DeleteObjects: 11.555800 ms)

Prepare: number of updated asset objects reloaded= 0
AssetImportParameters requested are different than current active one (requested -> active):
  custom:container-demuxer-ogg: 62fdf1f143b41e24485cea50d1cbac27 -> 
  custom:video-decoder-ogg-theora: a1e56fd34408186e4bbccfd4996cb3dc -> 
  custom:framework-win-MediaFoundation: 216162199b28c13a410421893ffa2e32 -> 
  custom:CustomObjectIndexerAttribute: 9a22284fe3817be447336de3de66b15e -> 
  custom:container-demuxer-webm: 4f35f7cbe854078d1ac9338744f61a02 -> 
  custom:container-muxer-webm: aa71ff27fc2769a1b78a27578f13a17b -> 
  custom:video-decoder-webm-vp8: 9c59270c3fd7afecdb556c50c9e8de78 -> 
  custom:SearchIndexIgnoredProperties: e643bd26f0fe6173181afceb89e7c659 -> 
  custom:AudioImporter_EditorPlatform: d09bf68614088b80899f8185d706f6e7 -> 
  custom:video-encoder-webm-vp8: eb34c28f22e8b96e1ab97ce403110664 -> 
  custom:audio-decoder-ogg-vorbis: bf7c407c2cedff20999df2af8eb42d56 -> 
  custom:audio-encoder-webm-vorbis: bf7c407c2cedff20999df2af8eb42d56 -> 
========================================================================
Received Prepare
Begin MonoManager ReloadAssembly
- Loaded All Assemblies, in 141.715 seconds
Refreshing native plugins compatible for Editor in 293.01 ms, found 5 plugins.
Native extension for WindowsStandalone target not found
[Package Manager] Server::EnsureServerProcessIsRunning -- launch failed, reason: Unity was launched with the -noUpm command-line argument
[Package Manager] UpmClient::Send -- Unable to send message (not connected to UPM process).
[Package Manager] Cannot connect to Unity Package Manager local server
Mono: successfully reloaded assembly
- Finished resetting the current domain, in 208.779 seconds
Domain Reload Profiling: 350379ms
	BeginReloadAssembly (17996ms)
		ExecutionOrderSort (0ms)
		DisableScriptedObjects (568ms)
		BackupInstance (0ms)
		ReleaseScriptingObjects (0ms)
		CreateAndSetChildDomain (3243ms)
	RebuildCommonClasses (3515ms)
	RebuildNativeTypeToScriptingClass (832ms)
	initialDomainReloadingComplete (2094ms)
	LoadAllAssembliesAndSetupDomain (117157ms)
		LoadAssemblies (129765ms)
		RebuildTransferFunctionScriptingTraits (0ms)
		AnalyzeDomain (599ms)
			TypeCache.Refresh (413ms)
				TypeCache.ScanAssembly (0ms)
			ScanForSourceGeneratedMonoScriptInfo (30ms)
			ResolveRequiredComponents (141ms)
	FinalizeReload (208786ms)
		ReleaseScriptCaches (0ms)
		RebuildScriptCaches (0ms)
		SetupLoadedEditorAssemblies (70388ms)
			LogAssemblyErrors (0ms)
			InitializePlatformSupportModulesInManaged (1573ms)
			SetLoadedEditorAssemblies (543ms)
			RefreshPlugins (0ms)
			BeforeProcessingInitializeOnLoad (10430ms)
			ProcessInitializeOnLoadAttributes (52788ms)
			ProcessInitializeOnLoadMethodAttributes (3499ms)
			AfterProcessingInitializeOnLoad (1552ms)
			EditorAssembliesLoaded (2ms)
		ExecutionOrderSort2 (0ms)
		AwakeInstancesAfterBackupRestoration (103ms)
Refreshing native plugins compatible for Editor in 217.70 ms, found 5 plugins.
Preloading 0 native plugins for Editor in 0.00 ms.
Unloading 3384 Unused Serialized files (Serialized files now loaded: 0)
Unloading 45 unused Assets / (0.8 MB). Loaded Objects now: 3857.
Memory consumption went from 129.0 MB to 128.2 MB.
Total: 59.182200 ms (FindLiveObjects: 0.853500 ms CreateObjectMapping: 0.760600 ms MarkObjects: 55.755700 ms  DeleteObjects: 1.809300 ms)

Prepare: number of updated asset objects reloaded= 0
AssetImportParameters requested are different than current active one (requested -> active):
  custom:container-demuxer-ogg: 62fdf1f143b41e24485cea50d1cbac27 -> 
  custom:video-decoder-ogg-theora: a1e56fd34408186e4bbccfd4996cb3dc -> 
  custom:framework-win-MediaFoundation: 216162199b28c13a410421893ffa2e32 -> 
  custom:CustomObjectIndexerAttribute: 9a22284fe3817be447336de3de66b15e -> 
  custom:container-demuxer-webm: 4f35f7cbe854078d1ac9338744f61a02 -> 
  custom:container-muxer-webm: aa71ff27fc2769a1b78a27578f13a17b -> 
  custom:video-decoder-webm-vp8: 9c59270c3fd7afecdb556c50c9e8de78 -> 
  custom:SearchIndexIgnoredProperties: e643bd26f0fe6173181afceb89e7c659 -> 
  custom:AudioImporter_EditorPlatform: d09bf68614088b80899f8185d706f6e7 -> 
  custom:video-encoder-webm-vp8: eb34c28f22e8b96e1ab97ce403110664 -> 
  custom:audio-decoder-ogg-vorbis: bf7c407c2cedff20999df2af8eb42d56 -> 
  custom:audio-encoder-webm-vorbis: bf7c407c2cedff20999df2af8eb42d56 -> 
========================================================================
Received Prepare
Begin MonoManager ReloadAssembly
- Loaded All Assemblies, in 25.270 seconds
Refreshing native plugins compatible for Editor in 64.50 ms, found 5 plugins.
Native extension for WindowsStandalone target not found
[Package Manager] Server::EnsureServerProcessIsRunning -- launch failed, reason: Unity was launched with the -noUpm command-line argument
[Package Manager] UpmClient::Send -- Unable to send message (not connected to UPM process).
[Package Manager] Cannot connect to Unity Package Manager local server
Mono: successfully reloaded assembly
- Finished resetting the current domain, in 116.056 seconds
Domain Reload Profiling: 141337ms
	BeginReloadAssembly (4575ms)
		ExecutionOrderSort (0ms)
		DisableScriptedObjects (77ms)
		BackupInstance (0ms)
		ReleaseScriptingObjects (0ms)
		CreateAndSetChildDomain (922ms)
	RebuildCommonClasses (1006ms)
	RebuildNativeTypeToScriptingClass (2952ms)
	initialDomainReloadingComplete (5248ms)
	LoadAllAssembliesAndSetupDomain (11479ms)
		LoadAssemblies (10713ms)
		RebuildTransferFunctionScriptingTraits (0ms)
		AnalyzeDomain (2593ms)
			TypeCache.Refresh (744ms)
				TypeCache.ScanAssembly (0ms)
			ScanForSourceGeneratedMonoScriptInfo (12ms)
			ResolveRequiredComponents (1825ms)
	FinalizeReload (116078ms)
		ReleaseScriptCaches (0ms)
		RebuildScriptCaches (0ms)
		SetupLoadedEditorAssemblies (24487ms)
			LogAssemblyErrors (0ms)
			InitializePlatformSupportModulesInManaged (1410ms)
			SetLoadedEditorAssemblies (1890ms)
			RefreshPlugins (0ms)
			BeforeProcessingInitializeOnLoad (1216ms)
			ProcessInitializeOnLoadAttributes (18478ms)
			ProcessInitializeOnLoadMethodAttributes (1330ms)
			AfterProcessingInitializeOnLoad (156ms)
			EditorAssembliesLoaded (7ms)
		ExecutionOrderSort2 (0ms)
		AwakeInstancesAfterBackupRestoration (192ms)
Refreshing native plugins compatible for Editor in 78.96 ms, found 5 plugins.
Preloading 0 native plugins for Editor in 0.00 ms.
Unloading 3384 Unused Serialized files (Serialized files now loaded: 0)
Unloading 45 unused Assets / (0.8 MB). Loaded Objects now: 3860.
Memory consumption went from 129.0 MB to 128.2 MB.
Total: 250.908000 ms (FindLiveObjects: 2.354900 ms CreateObjectMapping: 8.157000 ms MarkObjects: 105.170100 ms  DeleteObjects: 135.222500 ms)

Prepare: number of updated asset objects reloaded= 0
AssetImportParameters requested are different than current active one (requested -> active):
  custom:container-demuxer-ogg: 62fdf1f143b41e24485cea50d1cbac27 -> 
  custom:video-decoder-ogg-theora: a1e56fd34408186e4bbccfd4996cb3dc -> 
  custom:framework-win-MediaFoundation: 216162199b28c13a410421893ffa2e32 -> 
  custom:CustomObjectIndexerAttribute: 9a22284fe3817be447336de3de66b15e -> 
  custom:container-demuxer-webm: 4f35f7cbe854078d1ac9338744f61a02 -> 
  custom:container-muxer-webm: aa71ff27fc2769a1b78a27578f13a17b -> 
  custom:video-decoder-webm-vp8: 9c59270c3fd7afecdb556c50c9e8de78 -> 
  custom:SearchIndexIgnoredProperties: e643bd26f0fe6173181afceb89e7c659 -> 
  custom:AudioImporter_EditorPlatform: d09bf68614088b80899f8185d706f6e7 -> 
  custom:video-encoder-webm-vp8: eb34c28f22e8b96e1ab97ce403110664 -> 
  custom:audio-decoder-ogg-vorbis: bf7c407c2cedff20999df2af8eb42d56 -> 
  custom:audio-encoder-webm-vorbis: bf7c407c2cedff20999df2af8eb42d56 -> 
========================================================================
Received Prepare
Begin MonoManager ReloadAssembly
- Loaded All Assemblies, in 63.752 seconds
Refreshing native plugins compatible for Editor in 857.53 ms, found 5 plugins.
Native extension for WindowsStandalone target not found
[Package Manager] Server::EnsureServerProcessIsRunning -- launch failed, reason: Unity was launched with the -noUpm command-line argument
[Package Manager] UpmClient::Send -- Unable to send message (not connected to UPM process).
[Package Manager] Cannot connect to Unity Package Manager local server
Mono: successfully reloaded assembly
- Finished resetting the current domain, in 91.271 seconds
Domain Reload Profiling: 154777ms
	BeginReloadAssembly (11582ms)
		ExecutionOrderSort (0ms)
		DisableScriptedObjects (270ms)
		BackupInstance (0ms)
		ReleaseScriptingObjects (0ms)
		CreateAndSetChildDomain (4182ms)
	RebuildCommonClasses (2410ms)
	RebuildNativeTypeToScriptingClass (541ms)
	initialDomainReloadingComplete (4110ms)
	LoadAllAssembliesAndSetupDomain (44819ms)
		LoadAssemblies (47805ms)
		RebuildTransferFunctionScriptingTraits (0ms)
		AnalyzeDomain (3213ms)
			TypeCache.Refresh (402ms)
				TypeCache.ScanAssembly (0ms)
			ScanForSourceGeneratedMonoScriptInfo (11ms)
			ResolveRequiredComponents (2772ms)
	FinalizeReload (91315ms)
		ReleaseScriptCaches (0ms)
		RebuildScriptCaches (0ms)
		SetupLoadedEditorAssemblies (27371ms)
			LogAssemblyErrors (0ms)
			InitializePlatformSupportModulesInManaged (329ms)
			SetLoadedEditorAssemblies (271ms)
			RefreshPlugins (0ms)
			BeforeProcessingInitializeOnLoad (3479ms)
			ProcessInitializeOnLoadAttributes (22674ms)
			ProcessInitializeOnLoadMethodAttributes (538ms)
			AfterProcessingInitializeOnLoad (80ms)
			EditorAssembliesLoaded (0ms)
		ExecutionOrderSort2 (0ms)
		AwakeInstancesAfterBackupRestoration (73ms)
Refreshing native plugins compatible for Editor in 1949.88 ms, found 5 plugins.
Preloading 0 native plugins for Editor in 0.00 ms.
Unloading 3384 Unused Serialized files (Serialized files now loaded: 0)
Unloading 45 unused Assets / (0.8 MB). Loaded Objects now: 3863.
Memory consumption went from 129.0 MB to 128.2 MB.
Total: 976.771600 ms (FindLiveObjects: 30.555700 ms CreateObjectMapping: 35.079100 ms MarkObjects: 747.752200 ms  DeleteObjects: 163.379100 ms)

Prepare: number of updated asset objects reloaded= 0
AssetImportParameters requested are different than current active one (requested -> active):
  custom:container-demuxer-ogg: 62fdf1f143b41e24485cea50d1cbac27 -> 
  custom:video-decoder-ogg-theora: a1e56fd34408186e4bbccfd4996cb3dc -> 
  custom:framework-win-MediaFoundation: 216162199b28c13a410421893ffa2e32 -> 
  custom:CustomObjectIndexerAttribute: 9a22284fe3817be447336de3de66b15e -> 
  custom:container-demuxer-webm: 4f35f7cbe854078d1ac9338744f61a02 -> 
  custom:container-muxer-webm: aa71ff27fc2769a1b78a27578f13a17b -> 
  custom:video-decoder-webm-vp8: 9c59270c3fd7afecdb556c50c9e8de78 -> 
  custom:SearchIndexIgnoredProperties: e643bd26f0fe6173181afceb89e7c659 -> 
  custom:AudioImporter_EditorPlatform: d09bf68614088b80899f8185d706f6e7 -> 
  custom:video-encoder-webm-vp8: eb34c28f22e8b96e1ab97ce403110664 -> 
  custom:audio-decoder-ogg-vorbis: bf7c407c2cedff20999df2af8eb42d56 -> 
  custom:audio-encoder-webm-vorbis: bf7c407c2cedff20999df2af8eb42d56 -> 
========================================================================
Received Prepare
Begin MonoManager ReloadAssembly
- Loaded All Assemblies, in 87.200 seconds
Refreshing native plugins compatible for Editor in 180.24 ms, found 5 plugins.
Native extension for WindowsStandalone target not found
[Package Manager] Server::EnsureServerProcessIsRunning -- launch failed, reason: Unity was launched with the -noUpm command-line argument
[Package Manager] UpmClient::Send -- Unable to send message (not connected to UPM process).
[Package Manager] Cannot connect to Unity Package Manager local server
Mono: successfully reloaded assembly
- Finished resetting the current domain, in 12.997 seconds
Domain Reload Profiling: 100161ms
	BeginReloadAssembly (32265ms)
		ExecutionOrderSort (0ms)
		DisableScriptedObjects (2064ms)
		BackupInstance (0ms)
		ReleaseScriptingObjects (0ms)
		CreateAndSetChildDomain (4356ms)
	RebuildCommonClasses (9934ms)
	RebuildNativeTypeToScriptingClass (3514ms)
	initialDomainReloadingComplete (4210ms)
	LoadAllAssembliesAndSetupDomain (37240ms)
		LoadAssemblies (56850ms)
		RebuildTransferFunctionScriptingTraits (0ms)
		AnalyzeDomain (3376ms)
			TypeCache.Refresh (2407ms)
				TypeCache.ScanAssembly (0ms)
			ScanForSourceGeneratedMonoScriptInfo (5ms)
			ResolveRequiredComponents (834ms)
	FinalizeReload (12999ms)
		ReleaseScriptCaches (0ms)
		RebuildScriptCaches (0ms)
		SetupLoadedEditorAssemblies (3962ms)
			LogAssemblyErrors (0ms)
			InitializePlatformSupportModulesInManaged (76ms)
			SetLoadedEditorAssemblies (34ms)
			RefreshPlugins (0ms)
			BeforeProcessingInitializeOnLoad (402ms)
			ProcessInitializeOnLoadAttributes (3138ms)
			ProcessInitializeOnLoadMethodAttributes (293ms)
			AfterProcessingInitializeOnLoad (18ms)
			EditorAssembliesLoaded (0ms)
		ExecutionOrderSort2 (0ms)
		AwakeInstancesAfterBackupRestoration (142ms)
Refreshing native plugins compatible for Editor in 2701.40 ms, found 5 plugins.
Preloading 0 native plugins for Editor in 0.00 ms.
Unloading 3384 Unused Serialized files (Serialized files now loaded: 0)
Unloading 45 unused Assets / (0.8 MB). Loaded Objects now: 3866.
Memory consumption went from 129.0 MB to 128.2 MB.
Total: 878.114600 ms (FindLiveObjects: 64.010200 ms CreateObjectMapping: 2.842200 ms MarkObjects: 568.606800 ms  DeleteObjects: 242.644000 ms)

Prepare: number of updated asset objects reloaded= 0
AssetImportParameters requested are different than current active one (requested -> active):
  custom:container-demuxer-ogg: 62fdf1f143b41e24485cea50d1cbac27 -> 
  custom:video-decoder-ogg-theora: a1e56fd34408186e4bbccfd4996cb3dc -> 
  custom:framework-win-MediaFoundation: 216162199b28c13a410421893ffa2e32 -> 
  custom:CustomObjectIndexerAttribute: 9a22284fe3817be447336de3de66b15e -> 
  custom:container-demuxer-webm: 4f35f7cbe854078d1ac9338744f61a02 -> 
  custom:container-muxer-webm: aa71ff27fc2769a1b78a27578f13a17b -> 
  custom:video-decoder-webm-vp8: 9c59270c3fd7afecdb556c50c9e8de78 -> 
  custom:SearchIndexIgnoredProperties: e643bd26f0fe6173181afceb89e7c659 -> 
  custom:AudioImporter_EditorPlatform: d09bf68614088b80899f8185d706f6e7 -> 
  custom:video-encoder-webm-vp8: eb34c28f22e8b96e1ab97ce403110664 -> 
  custom:audio-decoder-ogg-vorbis: bf7c407c2cedff20999df2af8eb42d56 -> 
  custom:audio-encoder-webm-vorbis: bf7c407c2cedff20999df2af8eb42d56 -> 
========================================================================
Received Prepare
Begin MonoManager ReloadAssembly
- Loaded All Assemblies, in 18.506 seconds
Refreshing native plugins compatible for Editor in 38.62 ms, found 5 plugins.
Native extension for WindowsStandalone target not found
[Package Manager] Server::EnsureServerProcessIsRunning -- launch failed, reason: Unity was launched with the -noUpm command-line argument
[Package Manager] UpmClient::Send -- Unable to send message (not connected to UPM process).
[Package Manager] Cannot connect to Unity Package Manager local server
Mono: successfully reloaded assembly
- Finished resetting the current domain, in 23.369 seconds
Domain Reload Profiling: 42346ms
	BeginReloadAssembly (13512ms)
		ExecutionOrderSort (1ms)
		DisableScriptedObjects (721ms)
		BackupInstance (0ms)
		ReleaseScriptingObjects (0ms)
		CreateAndSetChildDomain (768ms)
	RebuildCommonClasses (778ms)
	RebuildNativeTypeToScriptingClass (188ms)
	initialDomainReloadingComplete (820ms)
	LoadAllAssembliesAndSetupDomain (3180ms)
		LoadAssemblies (14029ms)
		RebuildTransferFunctionScriptingTraits (0ms)
		AnalyzeDomain (109ms)
			TypeCache.Refresh (30ms)
				TypeCache.ScanAssembly (0ms)
			ScanForSourceGeneratedMonoScriptInfo (1ms)
			ResolveRequiredComponents (68ms)
	FinalizeReload (23868ms)
		ReleaseScriptCaches (0ms)
		RebuildScriptCaches (0ms)
		SetupLoadedEditorAssemblies (8757ms)
			LogAssemblyErrors (0ms)
			InitializePlatformSupportModulesInManaged (45ms)
			SetLoadedEditorAssemblies (21ms)
			RefreshPlugins (0ms)
			BeforeProcessingInitializeOnLoad (546ms)
			ProcessInitializeOnLoadAttributes (6748ms)
			ProcessInitializeOnLoadMethodAttributes (1184ms)
			AfterProcessingInitializeOnLoad (205ms)
			EditorAssembliesLoaded (8ms)
		ExecutionOrderSort2 (0ms)
		AwakeInstancesAfterBackupRestoration (104ms)
Refreshing native plugins compatible for Editor in 807.28 ms, found 5 plugins.
Preloading 0 native plugins for Editor in 0.00 ms.
Unloading 3384 Unused Serialized files (Serialized files now loaded: 0)
Unloading 45 unused Assets / (0.8 MB). Loaded Objects now: 3869.
Memory consumption went from 129.0 MB to 128.2 MB.
Total: 675.097500 ms (FindLiveObjects: 32.384800 ms CreateObjectMapping: 115.856800 ms MarkObjects: 483.554000 ms  DeleteObjects: 43.299000 ms)

Prepare: number of updated asset objects reloaded= 0
AssetImportParameters requested are different than current active one (requested -> active):
  custom:container-demuxer-ogg: 62fdf1f143b41e24485cea50d1cbac27 -> 
  custom:video-decoder-ogg-theora: a1e56fd34408186e4bbccfd4996cb3dc -> 
  custom:framework-win-MediaFoundation: 216162199b28c13a410421893ffa2e32 -> 
  custom:CustomObjectIndexerAttribute: 9a22284fe3817be447336de3de66b15e -> 
  custom:container-demuxer-webm: 4f35f7cbe854078d1ac9338744f61a02 -> 
  custom:container-muxer-webm: aa71ff27fc2769a1b78a27578f13a17b -> 
  custom:video-decoder-webm-vp8: 9c59270c3fd7afecdb556c50c9e8de78 -> 
  custom:SearchIndexIgnoredProperties: e643bd26f0fe6173181afceb89e7c659 -> 
  custom:AudioImporter_EditorPlatform: d09bf68614088b80899f8185d706f6e7 -> 
  custom:video-encoder-webm-vp8: eb34c28f22e8b96e1ab97ce403110664 -> 
  custom:audio-decoder-ogg-vorbis: bf7c407c2cedff20999df2af8eb42d56 -> 
  custom:audio-encoder-webm-vorbis: bf7c407c2cedff20999df2af8eb42d56 -> 
